<?xml version="1.0" encoding="UTF-8"?>
<!-- Generated by org.testng.reporters.JUnitReportReporter -->
<testsuite skipped="0" hostname="Preethi" name="script.TestDemo" tests="1" failures="0" timestamp="27 Sep 2018 06:44:15 GMT" time="15.722" errors="0">
  <testcase name="testA" time="15.722" classname="script.TestDemo"/>
</testsuite> <!-- script.TestDemo -->
