<?xml version="1.0" encoding="UTF-8"?>
<!-- Generated by org.testng.reporters.JUnitReportReporter -->
<testsuite skipped="0" hostname="Preethi" name="script.InvalidLoginTest" tests="1" failures="0" timestamp="01 Oct 2018 07:21:30 GMT" time="18.774" errors="0">
  <testcase name="testB" time="18.774" classname="script.InvalidLoginTest"/>
</testsuite> <!-- script.InvalidLoginTest -->
