<?xml version="1.0" encoding="UTF-8"?>
<!-- Generated by org.testng.reporters.JUnitReportReporter -->
<testsuite skipped="0" hostname="Preethi" name="script.TestDemo" tests="1" failures="0" timestamp="28 Sep 2018 08:31:41 GMT" time="12.744" errors="0">
  <testcase name="testA" time="12.744" classname="script.TestDemo"/>
</testsuite> <!-- script.TestDemo -->
